<?xml version="1.0" encoding="UTF-8"?>
<!-- Generated by org.testng.reporters.JUnitReportReporter -->
<testsuite skipped="0" hostname="Татьяна-ПК" name="com.tests.main.LoginTest" tests="1" failures="0" timestamp="08 апр 2021 22:01:59 GMT" time="17.351" errors="0">
  <testcase name="checkLogin" time="17.351" classname="com.tests.main.LoginTest"/>
</testsuite> <!-- com.tests.main.LoginTest -->
