<?xml version="1.0" encoding="UTF-8"?>
<!-- Generated by org.testng.reporters.JUnitReportReporter -->
<testsuite skipped="0" hostname="Татьяна-ПК" name="com.tests.main.LoginTest" tests="1" failures="0" timestamp="08 апр 2021 17:31:28 GMT" time="18.804" errors="0">
  <testcase name="checkLogin" time="18.804" classname="com.tests.main.LoginTest"/>
</testsuite> <!-- com.tests.main.LoginTest -->
